Arguments: 
  C:\Program Files\nodejs\node.exe C:\Users\abhin\AppData\Roaming\npm\node_modules\yarn\bin\yarn.js add react-hot-toast

PATH: 
  C:\Users\abhin\bin;C:\Program Files\Git\mingw64\bin;C:\Program Files\Git\usr\local\bin;C:\Program Files\Git\usr\bin;C:\Program Files\Git\usr\bin;C:\Program Files\Git\mingw64\bin;C:\Program Files\Git\usr\bin;C:\Users\abhin\bin;C:\Program Files (x86)\Common Files\Oracle\Java\javapath;C:\WINDOWS\system32;C:\WINDOWS;C:\WINDOWS\System32\Wbem;C:\WINDOWS\System32\WindowsPowerShell\v1.0;C:\WINDOWS\System32\OpenSSH;C:\ProgramData\chocolatey\bin;C:\Program Files\Docker\Docker\resources\bin;C:\Program Files\Git\cmd;C:\Program Files\nodejs;C:\Program Files\dotnet;C:\Users\abhin\.console-ninja\.bin;C:\Users\abhin\AppData\Local\Microsoft\WindowsApps;C:\Users\abhin\AppData\Local\Programs\Microsoft VS Code\bin;C:\Users\abhin\AppData\Local\GitHubDesktop\bin;C:\Users\abhin\AppData\Roaming\npm;D:\Hyper Terminal\resources\bin;C:\Program Files\Git\usr\bin\vendor_perl;C:\Program Files\Git\usr\bin\core_perl

Yarn version: 
  1.22.19

Node version: 
  20.4.0

Platform: 
  win32 x64

Trace: 
  Error: EPERM: operation not permitted, unlink 'D:\portfolio23\dark-themed\node_modules\@next\swc-win32-x64-msvc\next-swc.win32-x64-msvc.node'

npm manifest: 
  {
    "name": "dark-themed",
    "version": "0.1.0",
    "private": true,
    "scripts": {
      "dev": "next dev",
      "build": "next build",
      "start": "next start",
      "lint": "next lint"
    },
    "dependencies": {
      "@emailjs/browser": "^3.11.0",
      "autoprefixer": "10.4.15",
      "eslint": "8.49.0",
      "eslint-config-next": "13.4.19",
      "next": "13.4.19",
      "postcss": "8.4.29",
      "react": "18.2.0",
      "react-dom": "18.2.0",
      "react-icons": "^4.11.0",
      "tailwindcss": "3.3.3"
    }
  }

yarn manifest: 
  No manifest

Lockfile: 
  No lockfile
